This is pdfTeX, Version 3.14159265-2.6-1.40.18 (TeX Live 2017/Debian) (preloaded format=pdflatex 2020.8.24)  11 DEC 2020 03:13
entering extended mode
 restricted \write18 enabled.
 %&-line parsing enabled.
**Template_rapport_travail_BdB_2019_2020.tex
(./Template_rapport_travail_BdB_2019_2020.tex
LaTeX2e <2017-04-15>
Babel <3.18> and hyphenation patterns for 84 language(s) loaded.
(/usr/share/texlive/texmf-dist/tex/latex/base/article.cls
Document Class: article 2014/09/29 v1.4h Standard LaTeX document class
(/usr/share/texlive/texmf-dist/tex/latex/base/size10.clo
File: size10.clo 2014/09/29 v1.4h Standard LaTeX file (size option)
)
\c@part=\count79
\c@section=\count80
\c@subsection=\count81
\c@subsubsection=\count82
\c@paragraph=\count83
\c@subparagraph=\count84
\c@figure=\count85
\c@table=\count86
\abovecaptionskip=\skip41
\belowcaptionskip=\skip42
\bibindent=\dimen102
)
(/usr/share/texlive/texmf-dist/tex/latex/base/inputenc.sty
Package: inputenc 2015/03/17 v1.2c Input encoding file
\inpenc@prehook=\toks14
\inpenc@posthook=\toks15

(/usr/share/texlive/texmf-dist/tex/latex/base/utf8.def
File: utf8.def 2017/01/28 v1.1t UTF-8 support for inputenc
Now handling font encoding OML ...
... no UTF-8 mapping file for font encoding OML
Now handling font encoding T1 ...
... processing UTF-8 mapping file for font encoding T1

(/usr/share/texlive/texmf-dist/tex/latex/base/t1enc.dfu
File: t1enc.dfu 2017/01/28 v1.1t UTF-8 support for inputenc
   defining Unicode char U+00A0 (decimal 160)
   defining Unicode char U+00A1 (decimal 161)
   defining Unicode char U+00A3 (decimal 163)
   defining Unicode char U+00AB (decimal 171)
   defining Unicode char U+00AD (decimal 173)
   defining Unicode char U+00BB (decimal 187)
   defining Unicode char U+00BF (decimal 191)
   defining Unicode char U+00C0 (decimal 192)
   defining Unicode char U+00C1 (decimal 193)
   defining Unicode char U+00C2 (decimal 194)
   defining Unicode char U+00C3 (decimal 195)
   defining Unicode char U+00C4 (decimal 196)
   defining Unicode char U+00C5 (decimal 197)
   defining Unicode char U+00C6 (decimal 198)
   defining Unicode char U+00C7 (decimal 199)
   defining Unicode char U+00C8 (decimal 200)
   defining Unicode char U+00C9 (decimal 201)
   defining Unicode char U+00CA (decimal 202)
   defining Unicode char U+00CB (decimal 203)
   defining Unicode char U+00CC (decimal 204)
   defining Unicode char U+00CD (decimal 205)
   defining Unicode char U+00CE (decimal 206)
   defining Unicode char U+00CF (decimal 207)
   defining Unicode char U+00D0 (decimal 208)
   defining Unicode char U+00D1 (decimal 209)
   defining Unicode char U+00D2 (decimal 210)
   defining Unicode char U+00D3 (decimal 211)
   defining Unicode char U+00D4 (decimal 212)
   defining Unicode char U+00D5 (decimal 213)
   defining Unicode char U+00D6 (decimal 214)
   defining Unicode char U+00D8 (decimal 216)
   defining Unicode char U+00D9 (decimal 217)
   defining Unicode char U+00DA (decimal 218)
   defining Unicode char U+00DB (decimal 219)
   defining Unicode char U+00DC (decimal 220)
   defining Unicode char U+00DD (decimal 221)
   defining Unicode char U+00DE (decimal 222)
   defining Unicode char U+00DF (decimal 223)
   defining Unicode char U+00E0 (decimal 224)
   defining Unicode char U+00E1 (decimal 225)
   defining Unicode char U+00E2 (decimal 226)
   defining Unicode char U+00E3 (decimal 227)
   defining Unicode char U+00E4 (decimal 228)
   defining Unicode char U+00E5 (decimal 229)
   defining Unicode char U+00E6 (decimal 230)
   defining Unicode char U+00E7 (decimal 231)
   defining Unicode char U+00E8 (decimal 232)
   defining Unicode char U+00E9 (decimal 233)
   defining Unicode char U+00EA (decimal 234)
   defining Unicode char U+00EB (decimal 235)
   defining Unicode char U+00EC (decimal 236)
   defining Unicode char U+00ED (decimal 237)
   defining Unicode char U+00EE (decimal 238)
   defining Unicode char U+00EF (decimal 239)
   defining Unicode char U+00F0 (decimal 240)
   defining Unicode char U+00F1 (decimal 241)
   defining Unicode char U+00F2 (decimal 242)
   defining Unicode char U+00F3 (decimal 243)
   defining Unicode char U+00F4 (decimal 244)
   defining Unicode char U+00F5 (decimal 245)
   defining Unicode char U+00F6 (decimal 246)
   defining Unicode char U+00F8 (decimal 248)
   defining Unicode char U+00F9 (decimal 249)
   defining Unicode char U+00FA (decimal 250)
   defining Unicode char U+00FB (decimal 251)
   defining Unicode char U+00FC (decimal 252)
   defining Unicode char U+00FD (decimal 253)
   defining Unicode char U+00FE (decimal 254)
   defining Unicode char U+00FF (decimal 255)
   defining Unicode char U+0100 (decimal 256)
   defining Unicode char U+0101 (decimal 257)
   defining Unicode char U+0102 (decimal 258)
   defining Unicode char U+0103 (decimal 259)
   defining Unicode char U+0104 (decimal 260)
   defining Unicode char U+0105 (decimal 261)
   defining Unicode char U+0106 (decimal 262)
   defining Unicode char U+0107 (decimal 263)
   defining Unicode char U+0108 (decimal 264)
   defining Unicode char U+0109 (decimal 265)
   defining Unicode char U+010A (decimal 266)
   defining Unicode char U+010B (decimal 267)
   defining Unicode char U+010C (decimal 268)
   defining Unicode char U+010D (decimal 269)
   defining Unicode char U+010E (decimal 270)
   defining Unicode char U+010F (decimal 271)
   defining Unicode char U+0110 (decimal 272)
   defining Unicode char U+0111 (decimal 273)
   defining Unicode char U+0112 (decimal 274)
   defining Unicode char U+0113 (decimal 275)
   defining Unicode char U+0114 (decimal 276)
   defining Unicode char U+0115 (decimal 277)
   defining Unicode char U+0116 (decimal 278)
   defining Unicode char U+0117 (decimal 279)
   defining Unicode char U+0118 (decimal 280)
   defining Unicode char U+0119 (decimal 281)
   defining Unicode char U+011A (decimal 282)
   defining Unicode char U+011B (decimal 283)
   defining Unicode char U+011C (decimal 284)
   defining Unicode char U+011D (decimal 285)
   defining Unicode char U+011E (decimal 286)
   defining Unicode char U+011F (decimal 287)
   defining Unicode char U+0120 (decimal 288)
   defining Unicode char U+0121 (decimal 289)
   defining Unicode char U+0122 (decimal 290)
   defining Unicode char U+0123 (decimal 291)
   defining Unicode char U+0124 (decimal 292)
   defining Unicode char U+0125 (decimal 293)
   defining Unicode char U+0128 (decimal 296)
   defining Unicode char U+0129 (decimal 297)
   defining Unicode char U+012A (decimal 298)
   defining Unicode char U+012B (decimal 299)
   defining Unicode char U+012C (decimal 300)
   defining Unicode char U+012D (decimal 301)
   defining Unicode char U+012E (decimal 302)
   defining Unicode char U+012F (decimal 303)
   defining Unicode char U+0130 (decimal 304)
   defining Unicode char U+0131 (decimal 305)
   defining Unicode char U+0132 (decimal 306)
   defining Unicode char U+0133 (decimal 307)
   defining Unicode char U+0134 (decimal 308)
   defining Unicode char U+0135 (decimal 309)
   defining Unicode char U+0136 (decimal 310)
   defining Unicode char U+0137 (decimal 311)
   defining Unicode char U+0139 (decimal 313)
   defining Unicode char U+013A (decimal 314)
   defining Unicode char U+013B (decimal 315)
   defining Unicode char U+013C (decimal 316)
   defining Unicode char U+013D (decimal 317)
   defining Unicode char U+013E (decimal 318)
   defining Unicode char U+0141 (decimal 321)
   defining Unicode char U+0142 (decimal 322)
   defining Unicode char U+0143 (decimal 323)
   defining Unicode char U+0144 (decimal 324)
   defining Unicode char U+0145 (decimal 325)
   defining Unicode char U+0146 (decimal 326)
   defining Unicode char U+0147 (decimal 327)
   defining Unicode char U+0148 (decimal 328)
   defining Unicode char U+014A (decimal 330)
   defining Unicode char U+014B (decimal 331)
   defining Unicode char U+014C (decimal 332)
   defining Unicode char U+014D (decimal 333)
   defining Unicode char U+014E (decimal 334)
   defining Unicode char U+014F (decimal 335)
   defining Unicode char U+0150 (decimal 336)
   defining Unicode char U+0151 (decimal 337)
   defining Unicode char U+0152 (decimal 338)
   defining Unicode char U+0153 (decimal 339)
   defining Unicode char U+0154 (decimal 340)
   defining Unicode char U+0155 (decimal 341)
   defining Unicode char U+0156 (decimal 342)
   defining Unicode char U+0157 (decimal 343)
   defining Unicode char U+0158 (decimal 344)
   defining Unicode char U+0159 (decimal 345)
   defining Unicode char U+015A (decimal 346)
   defining Unicode char U+015B (decimal 347)
   defining Unicode char U+015C (decimal 348)
   defining Unicode char U+015D (decimal 349)
   defining Unicode char U+015E (decimal 350)
   defining Unicode char U+015F (decimal 351)
   defining Unicode char U+0160 (decimal 352)
   defining Unicode char U+0161 (decimal 353)
   defining Unicode char U+0162 (decimal 354)
   defining Unicode char U+0163 (decimal 355)
   defining Unicode char U+0164 (decimal 356)
   defining Unicode char U+0165 (decimal 357)
   defining Unicode char U+0168 (decimal 360)
   defining Unicode char U+0169 (decimal 361)
   defining Unicode char U+016A (decimal 362)
   defining Unicode char U+016B (decimal 363)
   defining Unicode char U+016C (decimal 364)
   defining Unicode char U+016D (decimal 365)
   defining Unicode char U+016E (decimal 366)
   defining Unicode char U+016F (decimal 367)
   defining Unicode char U+0170 (decimal 368)
   defining Unicode char U+0171 (decimal 369)
   defining Unicode char U+0172 (decimal 370)
   defining Unicode char U+0173 (decimal 371)
   defining Unicode char U+0174 (decimal 372)
   defining Unicode char U+0175 (decimal 373)
   defining Unicode char U+0176 (decimal 374)
   defining Unicode char U+0177 (decimal 375)
   defining Unicode char U+0178 (decimal 376)
   defining Unicode char U+0179 (decimal 377)
   defining Unicode char U+017A (decimal 378)
   defining Unicode char U+017B (decimal 379)
   defining Unicode char U+017C (decimal 380)
   defining Unicode char U+017D (decimal 381)
   defining Unicode char U+017E (decimal 382)
   defining Unicode char U+01CD (decimal 461)
   defining Unicode char U+01CE (decimal 462)
   defining Unicode char U+01CF (decimal 463)
   defining Unicode char U+01D0 (decimal 464)
   defining Unicode char U+01D1 (decimal 465)
   defining Unicode char U+01D2 (decimal 466)
   defining Unicode char U+01D3 (decimal 467)
   defining Unicode char U+01D4 (decimal 468)
   defining Unicode char U+01E2 (decimal 482)
   defining Unicode char U+01E3 (decimal 483)
   defining Unicode char U+01E6 (decimal 486)
   defining Unicode char U+01E7 (decimal 487)
   defining Unicode char U+01E8 (decimal 488)
   defining Unicode char U+01E9 (decimal 489)
   defining Unicode char U+01EA (decimal 490)
   defining Unicode char U+01EB (decimal 491)
   defining Unicode char U+01F0 (decimal 496)
   defining Unicode char U+01F4 (decimal 500)
   defining Unicode char U+01F5 (decimal 501)
   defining Unicode char U+0218 (decimal 536)
   defining Unicode char U+0219 (decimal 537)
   defining Unicode char U+021A (decimal 538)
   defining Unicode char U+021B (decimal 539)
   defining Unicode char U+0232 (decimal 562)
   defining Unicode char U+0233 (decimal 563)
   defining Unicode char U+1E02 (decimal 7682)
   defining Unicode char U+1E03 (decimal 7683)
   defining Unicode char U+200C (decimal 8204)
   defining Unicode char U+2010 (decimal 8208)
   defining Unicode char U+2011 (decimal 8209)
   defining Unicode char U+2012 (decimal 8210)
   defining Unicode char U+2013 (decimal 8211)
   defining Unicode char U+2014 (decimal 8212)
   defining Unicode char U+2015 (decimal 8213)
   defining Unicode char U+2018 (decimal 8216)
   defining Unicode char U+2019 (decimal 8217)
   defining Unicode char U+201A (decimal 8218)
   defining Unicode char U+201C (decimal 8220)
   defining Unicode char U+201D (decimal 8221)
   defining Unicode char U+201E (decimal 8222)
   defining Unicode char U+2030 (decimal 8240)
   defining Unicode char U+2031 (decimal 8241)
   defining Unicode char U+2039 (decimal 8249)
   defining Unicode char U+203A (decimal 8250)
   defining Unicode char U+2423 (decimal 9251)
   defining Unicode char U+1E20 (decimal 7712)
   defining Unicode char U+1E21 (decimal 7713)
)
Now handling font encoding OT1 ...
... processing UTF-8 mapping file for font encoding OT1

(/usr/share/texlive/texmf-dist/tex/latex/base/ot1enc.dfu
File: ot1enc.dfu 2017/01/28 v1.1t UTF-8 support for inputenc
   defining Unicode char U+00A0 (decimal 160)
   defining Unicode char U+00A1 (decimal 161)
   defining Unicode char U+00A3 (decimal 163)
   defining Unicode char U+00AD (decimal 173)
   defining Unicode char U+00B8 (decimal 184)
   defining Unicode char U+00BF (decimal 191)
   defining Unicode char U+00C5 (decimal 197)
   defining Unicode char U+00C6 (decimal 198)
   defining Unicode char U+00D8 (decimal 216)
   defining Unicode char U+00DF (decimal 223)
   defining Unicode char U+00E6 (decimal 230)
   defining Unicode char U+00EC (decimal 236)
   defining Unicode char U+00ED (decimal 237)
   defining Unicode char U+00EE (decimal 238)
   defining Unicode char U+00EF (decimal 239)
   defining Unicode char U+00F8 (decimal 248)
   defining Unicode char U+0131 (decimal 305)
   defining Unicode char U+0141 (decimal 321)
   defining Unicode char U+0142 (decimal 322)
   defining Unicode char U+0152 (decimal 338)
   defining Unicode char U+0153 (decimal 339)
   defining Unicode char U+0174 (decimal 372)
   defining Unicode char U+0175 (decimal 373)
   defining Unicode char U+0176 (decimal 374)
   defining Unicode char U+0177 (decimal 375)
   defining Unicode char U+0218 (decimal 536)
   defining Unicode char U+0219 (decimal 537)
   defining Unicode char U+021A (decimal 538)
   defining Unicode char U+021B (decimal 539)
   defining Unicode char U+2013 (decimal 8211)
   defining Unicode char U+2014 (decimal 8212)
   defining Unicode char U+2018 (decimal 8216)
   defining Unicode char U+2019 (decimal 8217)
   defining Unicode char U+201C (decimal 8220)
   defining Unicode char U+201D (decimal 8221)
)
Now handling font encoding OMS ...
... processing UTF-8 mapping file for font encoding OMS

(/usr/share/texlive/texmf-dist/tex/latex/base/omsenc.dfu
File: omsenc.dfu 2017/01/28 v1.1t UTF-8 support for inputenc
   defining Unicode char U+00A7 (decimal 167)
   defining Unicode char U+00B6 (decimal 182)
   defining Unicode char U+00B7 (decimal 183)
   defining Unicode char U+2020 (decimal 8224)
   defining Unicode char U+2021 (decimal 8225)
   defining Unicode char U+2022 (decimal 8226)
)
Now handling font encoding OMX ...
... no UTF-8 mapping file for font encoding OMX
Now handling font encoding U ...
... no UTF-8 mapping file for font encoding U
   defining Unicode char U+00A9 (decimal 169)
   defining Unicode char U+00AA (decimal 170)
   defining Unicode char U+00AE (decimal 174)
   defining Unicode char U+00BA (decimal 186)
   defining Unicode char U+02C6 (decimal 710)
   defining Unicode char U+02DC (decimal 732)
   defining Unicode char U+200C (decimal 8204)
   defining Unicode char U+2026 (decimal 8230)
   defining Unicode char U+2122 (decimal 8482)
   defining Unicode char U+2423 (decimal 9251)
))
(/usr/share/texlive/texmf-dist/tex/latex/graphics/graphicx.sty
Package: graphicx 2017/06/01 v1.1a Enhanced LaTeX Graphics (DPC,SPQR)

(/usr/share/texlive/texmf-dist/tex/latex/graphics/keyval.sty
Package: keyval 2014/10/28 v1.15 key=value parser (DPC)
\KV@toks@=\toks16
)
(/usr/share/texlive/texmf-dist/tex/latex/graphics/graphics.sty
Package: graphics 2017/06/25 v1.2c Standard LaTeX Graphics (DPC,SPQR)

(/usr/share/texlive/texmf-dist/tex/latex/graphics/trig.sty
Package: trig 2016/01/03 v1.10 sin cos tan (DPC)
)
(/usr/share/texlive/texmf-dist/tex/latex/graphics-cfg/graphics.cfg
File: graphics.cfg 2016/06/04 v1.11 sample graphics configuration
)
Package graphics Info: Driver file: pdftex.def on input line 99.

(/usr/share/texlive/texmf-dist/tex/latex/graphics-def/pdftex.def
File: pdftex.def 2018/01/08 v1.0l Graphics/color driver for pdftex
))
\Gin@req@height=\dimen103
\Gin@req@width=\dimen104
)
(/usr/share/texlive/texmf-dist/tex/latex/graphics/color.sty
Package: color 2016/07/10 v1.1e Standard LaTeX Color (DPC)

(/usr/share/texlive/texmf-dist/tex/latex/graphics-cfg/color.cfg
File: color.cfg 2016/01/02 v1.6 sample color configuration
)
Package color Info: Driver file: pdftex.def on input line 147.
)
(/usr/share/texlive/texmf-dist/tex/latex/geometry/geometry.sty
Package: geometry 2010/09/12 v5.6 Page Geometry

(/usr/share/texlive/texmf-dist/tex/generic/oberdiek/ifpdf.sty
Package: ifpdf 2017/03/15 v3.2 Provides the ifpdf switch
)
(/usr/share/texlive/texmf-dist/tex/generic/oberdiek/ifvtex.sty
Package: ifvtex 2016/05/16 v1.6 Detect VTeX and its facilities (HO)
Package ifvtex Info: VTeX not detected.
)
(/usr/share/texlive/texmf-dist/tex/generic/ifxetex/ifxetex.sty
Package: ifxetex 2010/09/12 v0.6 Provides ifxetex conditional
)
\Gm@cnth=\count87
\Gm@cntv=\count88
\c@Gm@tempcnt=\count89
\Gm@bindingoffset=\dimen105
\Gm@wd@mp=\dimen106
\Gm@odd@mp=\dimen107
\Gm@even@mp=\dimen108
\Gm@layoutwidth=\dimen109
\Gm@layoutheight=\dimen110
\Gm@layouthoffset=\dimen111
\Gm@layoutvoffset=\dimen112
\Gm@dimlist=\toks17
)
(/usr/share/texlive/texmf-dist/tex/latex/base/fontenc.sty
Package: fontenc 2017/04/05 v2.0i Standard LaTeX package

(/usr/share/texlive/texmf-dist/tex/latex/base/t1enc.def
File: t1enc.def 2017/04/05 v2.0i Standard LaTeX file
LaTeX Font Info:    Redeclaring font encoding T1 on input line 48.
))
(/usr/share/texlive/texmf-dist/tex/latex/a4wide/a4wide.sty
Package: a4wide 1994/08/30

(/usr/share/texlive/texmf-dist/tex/latex/ntgclass/a4.sty
Package: a4 2004/04/15 v1.2g A4 based page layout
))
(/usr/share/texlive/texmf-dist/tex/latex/amsfonts/amssymb.sty
Package: amssymb 2013/01/14 v3.01 AMS font symbols

(/usr/share/texlive/texmf-dist/tex/latex/amsfonts/amsfonts.sty
Package: amsfonts 2013/01/14 v3.01 Basic AMSFonts support
\@emptytoks=\toks18
\symAMSa=\mathgroup4
\symAMSb=\mathgroup5
LaTeX Font Info:    Overwriting math alphabet `\mathfrak' in version `bold'
(Font)                  U/euf/m/n --> U/euf/b/n on input line 106.
))
(/usr/share/texlive/texmf-dist/tex/latex/amsmath/amsmath.sty
Package: amsmath 2017/09/02 v2.17a AMS math features
\@mathmargin=\skip43

For additional information on amsmath, use the `?' option.
(/usr/share/texlive/texmf-dist/tex/latex/amsmath/amstext.sty
Package: amstext 2000/06/29 v2.01 AMS text

(/usr/share/texlive/texmf-dist/tex/latex/amsmath/amsgen.sty
File: amsgen.sty 1999/11/30 v2.0 generic functions
\@emptytoks=\toks19
\ex@=\dimen113
))
(/usr/share/texlive/texmf-dist/tex/latex/amsmath/amsbsy.sty
Package: amsbsy 1999/11/29 v1.2d Bold Symbols
\pmbraise@=\dimen114
)
(/usr/share/texlive/texmf-dist/tex/latex/amsmath/amsopn.sty
Package: amsopn 2016/03/08 v2.02 operator names
)
\inf@bad=\count90
LaTeX Info: Redefining \frac on input line 213.
\uproot@=\count91
\leftroot@=\count92
LaTeX Info: Redefining \overline on input line 375.
\classnum@=\count93
\DOTSCASE@=\count94
LaTeX Info: Redefining \ldots on input line 472.
LaTeX Info: Redefining \dots on input line 475.
LaTeX Info: Redefining \cdots on input line 596.
\Mathstrutbox@=\box26
\strutbox@=\box27
\big@size=\dimen115
LaTeX Font Info:    Redeclaring font encoding OML on input line 712.
LaTeX Font Info:    Redeclaring font encoding OMS on input line 713.
\macc@depth=\count95
\c@MaxMatrixCols=\count96
\dotsspace@=\muskip10
\c@parentequation=\count97
\dspbrk@lvl=\count98
\tag@help=\toks20
\row@=\count99
\column@=\count100
\maxfields@=\count101
\andhelp@=\toks21
\eqnshift@=\dimen116
\alignsep@=\dimen117
\tagshift@=\dimen118
\tagwidth@=\dimen119
\totwidth@=\dimen120
\lineht@=\dimen121
\@envbody=\toks22
\multlinegap=\skip44
\multlinetaggap=\skip45
\mathdisplay@stack=\toks23
LaTeX Info: Redefining \[ on input line 2817.
LaTeX Info: Redefining \] on input line 2818.
)
(/usr/share/texlive/texmf-dist/tex/generic/babel/babel.sty
Package: babel 2018/02/14 3.18 The Babel package

(/usr/share/texlive/texmf-dist/tex/generic/babel/switch.def
File: switch.def 2018/02/14 3.18 Babel switching mechanism
)
(/usr/share/texlive/texmf-dist/tex/generic/babel-french/frenchb.ldf
Language: frenchb 2018/02/04 v3.4b French support from the babel system


Package babel-french Warning: Option `frenchb' for Babel is *deprecated*,
(babel-french)                it might be removed sooner or later. Please
(babel-french)                use `french' instead; reported on input line 35.

(/usr/share/texlive/texmf-dist/tex/generic/babel-french/french.ldf
Language: french 2018/02/04 v3.4b French support from the babel system

(/usr/share/texlive/texmf-dist/tex/generic/babel/babel.def
File: babel.def 2018/02/14 3.18 Babel common definitions
\babel@savecnt=\count102
\U@D=\dimen122

(/usr/share/texlive/texmf-dist/tex/generic/babel/txtbabel.def)
\bbl@dirlevel=\count103
)
\l@acadian = a dialect from \language\l@french 
\FB@nonchar=\count104
Package babel Info: Making : an active character on input line 411.
Package babel Info: Making ; an active character on input line 412.
Package babel Info: Making ! an active character on input line 413.
Package babel Info: Making ? an active character on input line 414.
\FBguill@level=\count105
\FB@everypar=\toks24
\FB@Mht=\dimen123
\mc@charclass=\count106
\mc@charfam=\count107
\mc@charslot=\count108
\std@mcc=\count109
\dec@mcc=\count110
\c@FBcaption@count=\count111
\listindentFB=\skip46
\descindentFB=\skip47
\labelwidthFB=\skip48
\leftmarginFB=\skip49
\parindentFFN=\dimen124
\FBfnindent=\skip50
)))
(/usr/share/texlive/texmf-dist/tex/latex/carlisle/scalefnt.sty)
(/usr/share/texlive/texmf-dist/tex/latex/mathtools/mathtools.sty
Package: mathtools 2018/01/08 v1.21 mathematical typesetting tools

(/usr/share/texlive/texmf-dist/tex/latex/tools/calc.sty
Package: calc 2014/10/28 v4.3 Infix arithmetic (KKT,FJ)
\calc@Acount=\count112
\calc@Bcount=\count113
\calc@Adimen=\dimen125
\calc@Bdimen=\dimen126
\calc@Askip=\skip51
\calc@Bskip=\skip52
LaTeX Info: Redefining \setlength on input line 80.
LaTeX Info: Redefining \addtolength on input line 81.
\calc@Ccount=\count114
\calc@Cskip=\skip53
)
(/usr/share/texlive/texmf-dist/tex/latex/mathtools/mhsetup.sty
Package: mhsetup 2017/03/31 v1.3 programming setup (MH)
)
LaTeX Info: Thecontrolsequence`\('isalreadyrobust on input line 129.
LaTeX Info: Thecontrolsequence`\)'isalreadyrobust on input line 129.
LaTeX Info: Thecontrolsequence`\['isalreadyrobust on input line 129.
LaTeX Info: Thecontrolsequence`\]'isalreadyrobust on input line 129.
\g_MT_multlinerow_int=\count115
\l_MT_multwidth_dim=\dimen127
\origjot=\skip54
\l_MT_shortvdotswithinadjustabove_dim=\dimen128
\l_MT_shortvdotswithinadjustbelow_dim=\dimen129
\l_MT_above_intertext_sep=\dimen130
\l_MT_below_intertext_sep=\dimen131
\l_MT_above_shortintertext_sep=\dimen132
\l_MT_below_shortintertext_sep=\dimen133
)
No file Template_rapport_travail_BdB_2019_2020.aux.
\openout1 = `Template_rapport_travail_BdB_2019_2020.aux'.

LaTeX Font Info:    Checking defaults for OML/cmm/m/it on input line 20.
LaTeX Font Info:    ... okay on input line 20.
LaTeX Font Info:    Checking defaults for T1/cmr/m/n on input line 20.
LaTeX Font Info:    ... okay on input line 20.
LaTeX Font Info:    Checking defaults for OT1/cmr/m/n on input line 20.
LaTeX Font Info:    ... okay on input line 20.
LaTeX Font Info:    Checking defaults for OMS/cmsy/m/n on input line 20.
LaTeX Font Info:    ... okay on input line 20.
LaTeX Font Info:    Checking defaults for OMX/cmex/m/n on input line 20.
LaTeX Font Info:    ... okay on input line 20.
LaTeX Font Info:    Checking defaults for U/cmr/m/n on input line 20.
LaTeX Font Info:    ... okay on input line 20.
(/usr/share/texlive/texmf-dist/tex/context/base/mkii/supp-pdf.mkii
[Loading MPS to PDF converter (version 2006.09.02).]
\scratchcounter=\count116
\scratchdimen=\dimen134
\scratchbox=\box28
\nofMPsegments=\count117
\nofMParguments=\count118
\everyMPshowfont=\toks25
\MPscratchCnt=\count119
\MPscratchDim=\dimen135
\MPnumerator=\count120
\makeMPintoPDFobject=\count121
\everyMPtoPDFconversion=\toks26
) (/usr/share/texlive/texmf-dist/tex/latex/oberdiek/epstopdf-base.sty
Package: epstopdf-base 2016/05/15 v2.6 Base part for package epstopdf

(/usr/share/texlive/texmf-dist/tex/generic/oberdiek/infwarerr.sty
Package: infwarerr 2016/05/16 v1.4 Providing info/warning/error messages (HO)
)
(/usr/share/texlive/texmf-dist/tex/latex/oberdiek/grfext.sty
Package: grfext 2016/05/16 v1.2 Manage graphics extensions (HO)

(/usr/share/texlive/texmf-dist/tex/generic/oberdiek/kvdefinekeys.sty
Package: kvdefinekeys 2016/05/16 v1.4 Define keys (HO)

(/usr/share/texlive/texmf-dist/tex/generic/oberdiek/ltxcmds.sty
Package: ltxcmds 2016/05/16 v1.23 LaTeX kernel commands for general use (HO)
)))
(/usr/share/texlive/texmf-dist/tex/latex/oberdiek/kvoptions.sty
Package: kvoptions 2016/05/16 v3.12 Key value format for package options (HO)

(/usr/share/texlive/texmf-dist/tex/generic/oberdiek/kvsetkeys.sty
Package: kvsetkeys 2016/05/16 v1.17 Key value parser (HO)

(/usr/share/texlive/texmf-dist/tex/generic/oberdiek/etexcmds.sty
Package: etexcmds 2016/05/16 v1.6 Avoid name clashes with e-TeX commands (HO)

(/usr/share/texlive/texmf-dist/tex/generic/oberdiek/ifluatex.sty
Package: ifluatex 2016/05/16 v1.4 Provides the ifluatex switch (HO)
Package ifluatex Info: LuaTeX not detected.
)
Package etexcmds Info: Could not find \expanded.
(etexcmds)             That can mean that you are not using pdfTeX 1.50 or
(etexcmds)             that some package has redefined \expanded.
(etexcmds)             In the latter case, load this package earlier.
)))
(/usr/share/texlive/texmf-dist/tex/generic/oberdiek/pdftexcmds.sty
Package: pdftexcmds 2018/01/21 v0.26 Utility functions of pdfTeX for LuaTeX (HO
)
Package pdftexcmds Info: LuaTeX not detected.
Package pdftexcmds Info: \pdf@primitive is available.
Package pdftexcmds Info: \pdf@ifprimitive is available.
Package pdftexcmds Info: \pdfdraftmode found.
)
Package epstopdf-base Info: Redefining graphics rule for `.eps' on input line 4
38.
Package grfext Info: Graphics extension search list:
(grfext)             [.pdf,.png,.jpg,.mps,.jpeg,.jbig2,.jb2,.PDF,.PNG,.JPG,.JPE
G,.JBIG2,.JB2,.eps]
(grfext)             \AppendGraphicsExtensions on input line 456.

(/usr/share/texlive/texmf-dist/tex/latex/latexconfig/epstopdf-sys.cfg
File: epstopdf-sys.cfg 2010/07/13 v1.3 Configuration of (r)epstopdf for TeX Liv
e
))
*geometry* driver: auto-detecting
*geometry* detected driver: pdftex
*geometry* verbose mode - [ preamble ] result:
* driver: pdftex
* paper: <default>
* layout: <same size as paper>
* layoutoffset:(h,v)=(0.0pt,0.0pt)
* modes: 
* h-part:(L,W,R)=(71.13188pt, 472.03123pt, 71.13188pt)
* v-part:(T,H,B)=(42.67912pt, 709.61174pt, 42.67912pt)
* \paperwidth=614.295pt
* \paperheight=794.96999pt
* \textwidth=424.58624pt
* \textheight=646.0pt
* \oddsidemargin=18.06749pt
* \evensidemargin=18.06749pt
* \topmargin=0.0pt
* \headheight=12.0pt
* \headsep=25.0pt
* \topskip=10.0pt
* \footskip=30.0pt
* \marginparwidth=54.2025pt
* \marginparsep=11.0pt
* \columnsep=10.0pt
* \skip\footins=9.0pt plus 4.0pt minus 2.0pt
* \hoffset=0.0pt
* \voffset=0.0pt
* \mag=1000
* \@twocolumnfalse
* \@twosidefalse
* \@mparswitchfalse
* \@reversemarginfalse
* (1in=72.27pt=25.4mm, 1cm=28.453pt)

LaTeX Info: Redefining \degres on input line 20.
LaTeX Info: Redefining \dots on input line 20.
LaTeX Info: Redefining \up on input line 20.
<inp_n7.png, id=1, 428.35031pt x 69.25874pt>
File: inp_n7.png Graphic file (type png)
<use inp_n7.png>
Package pdftex.def Info: inp_n7.png  used on input line 24.
(pdftex.def)             Requested size: 142.26378pt x 23.00233pt.
LaTeX Font Info:    Try loading font information for U+msa on input line 32.
(/usr/share/texlive/texmf-dist/tex/latex/amsfonts/umsa.fd
File: umsa.fd 2013/01/14 v3.01 AMS symbols A
)
LaTeX Font Info:    Try loading font information for U+msb on input line 32.

(/usr/share/texlive/texmf-dist/tex/latex/amsfonts/umsb.fd
File: umsb.fd 2013/01/14 v3.01 AMS symbols B
) [1

{/var/lib/texmf/fonts/map/pdftex/updmap/pdftex.map} <./inp_n7.png>]
No file Template_rapport_travail_BdB_2019_2020.toc.
\tf@toc=\write3
\openout3 = `Template_rapport_travail_BdB_2019_2020.toc'.

No file Template_rapport_travail_BdB_2019_2020.lof.
\tf@lof=\write4
\openout4 = `Template_rapport_travail_BdB_2019_2020.lof'.

[2]

LaTeX Warning: Reference `chaine_ex1' on page 3 undefined on input line 48.

<figure1.png, id=16, 347.2975pt x 41.65562pt>
File: figure1.png Graphic file (type png)
<use figure1.png>
Package pdftex.def Info: figure1.png  used on input line 52.
(pdftex.def)             Requested size: 426.79134pt x 51.19225pt.

Overfull \hbox (2.2051pt too wide) in paragraph at lines 52--53
 [][] 
 []

[3 <./figure1.png>]
Underfull \hbox (badness 10000) in paragraph at lines 105--106

 []


LaTeX Warning: Reference `prod_conv1' on page 4 undefined on input line 111.

<figure2.png, id=30, 347.2975pt x 75.28125pt>
File: figure2.png Graphic file (type png)
<use figure2.png>
Package pdftex.def Info: figure2.png  used on input line 115.
(pdftex.def)             Requested size: 284.52756pt x 61.67702pt.
[4]

LaTeX Warning: Reference `fig : prod_conv1' on page 5 undefined on input line 1
51.

<C1Q3.jpg, id=37, 3949.75626pt x 1151.30125pt>
File: C1Q3.jpg Graphic file (type jpg)
<use C1Q3.jpg>
Package pdftex.def Info: C1Q3.jpg  used on input line 158.
(pdftex.def)             Requested size: 284.52756pt x 82.93579pt.

LaTeX Warning: Reference `fig : C1Q3' on page 5 undefined on input line 163.

[5 <./figure2.png> <./C1Q3.jpg>]
<C1Q4.jpg, id=42, 2051.665pt x 2711.12875pt>
File: C1Q4.jpg Graphic file (type jpg)
<use C1Q4.jpg>
Package pdftex.def Info: C1Q4.jpg  used on input line 169.
(pdftex.def)             Requested size: 142.26378pt x 187.9782pt.


LaTeX Warning: Reference `fig : C1Q4' on page 6 undefined on input line 174.

[6 <./C1Q4.jpg>] [7]

LaTeX Warning: Reference `fig : C1F42' on page 8 undefined on input line 320.

[8]
<C1F42.png, id=56, 1029.8475pt x 825.0825pt>
File: C1F42.png Graphic file (type png)
<use C1F42.png>
Package pdftex.def Info: C1F42.png  used on input line 325.
(pdftex.def)             Requested size: 227.62204pt x 182.36221pt.


LaTeX Warning: Reference `fig : C1F1' on page 9 undefined on input line 339.


LaTeX Warning: Reference `fig : C1F12' on page 9 undefined on input line 339.

<C1F1.png, id=57, 459.6372pt x 359.9046pt>
File: C1F1.png Graphic file (type png)
<use C1F1.png>
Package pdftex.def Info: C1F1.png  used on input line 343.
(pdftex.def)             Requested size: 199.16928pt x 155.95314pt.
<C1F12.png, id=58, 1032.85875pt x 784.9325pt>
File: C1F12.png Graphic file (type png)
<use C1F12.png>
Package pdftex.def Info: C1F12.png  used on input line 348.
(pdftex.def)             Requested size: 199.16928pt x 151.35448pt.
[9 <./C1F42.png> <./C1F1.png (PNG copy)>]

LaTeX Warning: Reference `fig : C1F2' on page 10 undefined on input line 357.

<C1F2.png, id=62, 436.9926pt x 350.2686pt>
File: C1F2.png Graphic file (type png)
<use C1F2.png>
Package pdftex.def Info: C1F2.png  used on input line 361.
(pdftex.def)             Requested size: 199.16928pt x 159.64503pt.
[10 <./C1F12.png> <./C1F2.png (PNG copy)>]

LaTeX Warning: Reference `fig : C1F6' on page 11 undefined on input line 378.

<C1F6.png, id=66, 541.3023pt x 405.4347pt>
File: C1F6.png Graphic file (type png)
<use C1F6.png>
Package pdftex.def Info: C1F6.png  used on input line 382.
(pdftex.def)             Requested size: 199.16928pt x 149.17331pt.

Underfull \hbox (badness 10000) in paragraph at lines 386--387

 []


LaTeX Warning: Reference `fig : C1F3' on page 11 undefined on input line 389.

<C1F3.png, id=67, 466.3824pt x 385.44pt>
File: C1F3.png Graphic file (type png)
<use C1F3.png>
Package pdftex.def Info: C1F3.png  used on input line 393.
(pdftex.def)             Requested size: 199.16928pt x 164.60086pt.

LaTeX Warning: Reference `rep_imp_ex1_2' on page 11 undefined on input line 404
.


LaTeX Warning: Reference `prod_conv' on page 11 undefined on input line 404.

[11 <./C1F6.png (PNG copy)> <./C1F3.png (PNG copy)>]
<figure3.png, id=73, 285.2256pt x 105.0324pt>
File: figure3.png Graphic file (type png)
<use figure3.png>
Package pdftex.def Info: figure3.png  used on input line 408.
(pdftex.def)             Requested size: 170.71652pt x 62.86606pt.
<figure6.png, id=74, 224.5188pt x 105.5142pt>
File: figure6.png Graphic file (type png)
<use figure6.png>
Package pdftex.def Info: figure6.png  used on input line 415.
(pdftex.def)             Requested size: 170.71652pt x 80.23026pt.


LaTeX Warning: Reference `fig : prod_conv' on page 12 undefined on input line 4
33.

<C2Q2.jpg, id=75, 3798.19pt x 827.09pt>
File: C2Q2.jpg Graphic file (type jpg)
<use C2Q2.jpg>
Package pdftex.def Info: C2Q2.jpg  used on input line 439.
(pdftex.def)             Requested size: 284.52756pt x 61.95334pt.

LaTeX Warning: Reference `fig : C2Q2' on page 12 undefined on input line 444.

[12 <./figure3.png> <./figure6.png> <./C2Q2.jpg>]
<C2Q3.jpg, id=81, 2470.22874pt x 2117.9125pt>
File: C2Q3.jpg Graphic file (type jpg)
<use C2Q3.jpg>
Package pdftex.def Info: C2Q3.jpg  used on input line 451.
(pdftex.def)             Requested size: 142.26378pt x 121.96323pt.


LaTeX Warning: Reference `fig : C2Q3' on page 13 undefined on input line 456.

[13 <./C2Q3.jpg>]

LaTeX Warning: Command \^ invalid in math mode on input line 507.

Missing character: There is no î in font cmr7!

LaTeX Warning: Command \^ invalid in math mode on input line 507.

Missing character: There is no î in font cmr7!

LaTeX Warning: Command \^ invalid in math mode on input line 507.

Missing character: There is no î in font cmr7!

LaTeX Warning: Command \^ invalid in math mode on input line 507.

Missing character: There is no î in font cmr7!
[14]

LaTeX Warning: Reference `fig : C2F1' on page 15 undefined on input line 578.


LaTeX Warning: Reference `fig : C2F12' on page 15 undefined on input line 578.

<C2F1.png, id=89, 459.6372pt x 359.9046pt>
File: C2F1.png Graphic file (type png)
<use C2F1.png>
Package pdftex.def Info: C2F1.png  used on input line 582.
(pdftex.def)             Requested size: 142.26378pt x 111.39352pt.
<C2F12.png, id=90, 1037.8775pt x 775.89874pt>
File: C2F12.png Graphic file (type png)
<use C2F12.png>
Package pdftex.def Info: C2F12.png  used on input line 587.
(pdftex.def)             Requested size: 199.16928pt x 148.89035pt.
[15 <./C2F1.png (PNG copy)>]

LaTeX Warning: Reference `fig : C2F1' on page 16 undefined on input line 601.

<C2F2.png, id=94, 436.9926pt x 350.2686pt>
File: C2F2.png Graphic file (type png)
<use C2F2.png>
Package pdftex.def Info: C2F2.png  used on input line 605.
(pdftex.def)             Requested size: 199.16928pt x 159.64503pt.
[16 <./C2F12.png> <./C2F2.png (PNG copy)>]

LaTeX Warning: Reference `fig : C2F6' on page 17 undefined on input line 621.

<C2F6.png, id=98, 464.4552pt x 385.44pt>
File: C2F6.png Graphic file (type png)
<use C2F6.png>
Package pdftex.def Info: C2F6.png  used on input line 625.
(pdftex.def)             Requested size: 199.16928pt x 165.2831pt.

LaTeX Warning: Reference `fig : C2F3' on page 17 undefined on input line 632.

<C2F3.png, id=99, 464.4552pt x 385.44pt>
File: C2F3.png Graphic file (type png)
<use C2F3.png>
Package pdftex.def Info: C2F3.png  used on input line 636.
(pdftex.def)             Requested size: 199.16928pt x 165.2831pt.
[17 <./C2F6.png (PNG copy)>]

LaTeX Warning: Reference `fig : C2F5' on page 18 undefined on input line 644.

<C2F5.png, id=103, 463.0098pt x 379.1766pt>
File: C2F5.png Graphic file (type png)
<use C2F5.png>
Package pdftex.def Info: C2F5.png  used on input line 648.
(pdftex.def)             Requested size: 256.0748pt x 209.71071pt.
[18 <./C2F3.png (PNG copy)> <./C2F5.png (PNG copy)>]

LaTeX Warning: Reference `fig : C2F52' on page 19 undefined on input line 663.

<C2F52.png, id=107, 1102.1175pt x 820.06375pt>
File: C2F52.png Graphic file (type png)
<use C2F52.png>
Package pdftex.def Info: C2F52.png  used on input line 668.
(pdftex.def)             Requested size: 256.0748pt x 190.53772pt.
[19 <./C2F52.png>]

LaTeX Warning: Reference `fig : C3Q1' on page 20 undefined on input line 698.

<C3Q1.jpg, id=112, 2971.1pt x 661.47125pt>
File: C3Q1.jpg Graphic file (type jpg)
<use C3Q1.jpg>
Package pdftex.def Info: C3Q1.jpg  used on input line 702.
(pdftex.def)             Requested size: 256.0748pt x 57.00653pt.
[20 <./C3Q1.jpg>]

LaTeX Warning: Reference `fig : C3F1' on page 21 undefined on input line 783.


LaTeX Warning: Reference `fig : C3F12' on page 21 undefined on input line 783.

<C3F1.png, id=117, 452.892pt x 359.9046pt>
File: C3F1.png Graphic file (type png)
<use C3F1.png>
Package pdftex.def Info: C3F1.png  used on input line 787.
(pdftex.def)             Requested size: 142.26378pt x 113.05202pt.
<C3F12.png, id=118, 1028.84375pt x 818.05624pt>
File: C3F12.png Graphic file (type png)
<use C3F12.png>
Package pdftex.def Info: C3F12.png  used on input line 792.
(pdftex.def)             Requested size: 199.16928pt x 158.36569pt.
[21 <./C3F1.png (PNG copy)>]

LaTeX Warning: Reference `fig : C3F2' on page 22 undefined on input line 801.

<C3F2.png, id=122, 446.6286pt x 350.2686pt>
File: C3F2.png Graphic file (type png)
<use C3F2.png>
Package pdftex.def Info: C3F2.png  used on input line 805.
(pdftex.def)             Requested size: 199.16928pt x 156.19772pt.
[22 <./C3F12.png> <./C3F2.png (PNG copy)>]

LaTeX Warning: Reference `fig : C3F6' on page 23 undefined on input line 825.

<C3F6.png, id=126, 463.0098pt x 385.44pt>
File: C3F6.png Graphic file (type png)
<use C3F6.png>
Package pdftex.def Info: C3F6.png  used on input line 829.
(pdftex.def)             Requested size: 199.16928pt x 165.80066pt.

LaTeX Warning: Reference `fig : C3F3' on page 23 undefined on input line 836.

<C3F3.png, id=127, 466.3824pt x 385.44pt>
File: C3F3.png Graphic file (type png)
<use C3F3.png>
Package pdftex.def Info: C3F3.png  used on input line 840.
(pdftex.def)             Requested size: 199.16928pt x 164.60086pt.
[23 <./C3F6.png (PNG copy)> <./C3F3.png (PNG copy)>]

LaTeX Warning: Reference `fig : C3F5' on page 24 undefined on input line 849.

<C3F5.png, id=131, 463.0098pt x 379.1766pt>
File: C3F5.png Graphic file (type png)
<use C3F5.png>
Package pdftex.def Info: C3F5.png  used on input line 853.
(pdftex.def)             Requested size: 199.16928pt x 163.1064pt.

LaTeX Warning: Reference `fig : C3F52' on page 24 undefined on input line 861.

<C3F52.png, id=132, 1029.8475pt x 775.89874pt>
File: C3F52.png Graphic file (type png)
<use C3F52.png>
Package pdftex.def Info: C3F52.png  used on input line 866.
(pdftex.def)             Requested size: 199.16928pt x 150.0506pt.
[24 <./C3F5.png (PNG copy)>]

LaTeX Warning: Reference `fig : C3F621' on page 25 undefined on input line 880.


<C3F621.png, id=136, 1003.75pt x 775.89874pt>
File: C3F621.png Graphic file (type png)
<use C3F621.png>
Package pdftex.def Info: C3F621.png  used on input line 883.
(pdftex.def)             Requested size: 227.62204pt x 175.94304pt.

LaTeX Warning: Reference `fig : C3F622' on page 25 undefined on input line 889.


<C3F622.png, id=137, 1049.9225pt x 770.88pt>
File: C3F622.png Graphic file (type png)
<use C3F622.png>
Package pdftex.def Info: C3F622.png  used on input line 892.
(pdftex.def)             Requested size: 227.62204pt x 167.12396pt.
[25 <./C3F52.png> <./C3F621.png>] [26 <./C3F622.png>]

LaTeX Warning: Reference `fig : 4_aire proba' on page 27 undefined on input lin
e 942.

<4_aire_proba.png, id=145, 893.3375pt x 270.00874pt>
File: 4_aire_proba.png Graphic file (type png)
<use 4_aire_proba.png>
Package pdftex.def Info: 4_aire_proba.png  used on input line 946.
(pdftex.def)             Requested size: 284.52756pt x 85.99667pt.
[27 <./4_aire_proba.png>] [28]

LaTeX Warning: Reference `fig : C4F12' on page 29 undefined on input line 1062.


<C4F12.png, id=152, 1049.9225pt x 794.97pt>
File: C4F12.png Graphic file (type png)
<use C4F12.png>
Package pdftex.def Info: C4F12.png  used on input line 1066.
(pdftex.def)             Requested size: 284.52756pt x 215.43323pt.
[29]

LaTeX Warning: Reference `fig : C4F22' on page 30 undefined on input line 1073.


<C4F22.png, id=156, 1024.82875pt x 819.06pt>
File: C4F22.png Graphic file (type png)
<use C4F22.png>
Package pdftex.def Info: C4F22.png  used on input line 1077.
(pdftex.def)             Requested size: 284.52756pt x 227.39807pt.
[30 <./C4F12.png> <./C4F22.png>]

LaTeX Warning: Reference `fig : C4F32' on page 31 undefined on input line 1085.


<C4F32.png, id=160, 1028.84375pt x 828.09375pt>
File: C4F32.png Graphic file (type png)
<use C4F32.png>
Package pdftex.def Info: C4F32.png  used on input line 1089.
(pdftex.def)             Requested size: 284.52756pt x 229.009pt.

LaTeX Warning: Reference `fig : C4F42' on page 31 undefined on input line 1105.


<C4F42.png, id=161, 1000.73875pt x 824.07875pt>
File: C4F42.png Graphic file (type png)
<use C4F42.png>
Package pdftex.def Info: C4F42.png  used on input line 1109.
(pdftex.def)             Requested size: 227.62204pt x 187.43419pt.
[31 <./C4F32.png>]

LaTeX Warning: Reference `fig : C4F72' on page 32 undefined on input line 1133.


<C4F72.png, id=166, 1015.795pt x 823.075pt>
File: C4F72.png Graphic file (type png)
<use C4F72.png>
Package pdftex.def Info: C4F72.png  used on input line 1137.
(pdftex.def)             Requested size: 227.62204pt x 184.43033pt.
[32 <./C4F42.png>]

LaTeX Warning: Reference `fig : C4F92' on page 33 undefined on input line 1147.


<C4F92.png, id=170, 1044.90375pt x 829.0975pt>
File: C4F92.png Graphic file (type png)
<use C4F92.png>
Package pdftex.def Info: C4F92.png  used on input line 1151.
(pdftex.def)             Requested size: 227.62204pt x 180.60558pt.

LaTeX Warning: Reference `fig : C4F82' on page 33 undefined on input line 1159.


<C4F82.png, id=171, 1029.8475pt x 818.05624pt>
File: C4F82.png Graphic file (type png)
<use C4F82.png>
Package pdftex.def Info: C4F82.png  used on input line 1163.
(pdftex.def)             Requested size: 227.62204pt x 180.80925pt.
[33 <./C4F72.png> <./C4F92.png>]

LaTeX Warning: Reference `fig : C4F32' on page 34 undefined on input line 1171.


File: C4F32.png Graphic file (type png)
<use C4F32.png>
Package pdftex.def Info: C4F32.png  used on input line 1175.
(pdftex.def)             Requested size: 227.62204pt x 183.20468pt.
[34 <./C4F82.png>] [35] (./Template_rapport_travail_BdB_2019_2020.aux)

LaTeX Warning: There were undefined references.


LaTeX Warning: Label(s) may have changed. Rerun to get cross-references right.

 ) 
Here is how much of TeX's memory you used:
 5437 strings out of 492982
 73975 string characters out of 6134896
 154239 words of memory out of 5000000
 8844 multiletter control sequences out of 15000+600000
 21857 words of font info for 56 fonts, out of 8000000 for 9000
 1141 hyphenation exceptions out of 8191
 41i,19n,30p,775b,437s stack positions out of 5000i,500n,10000p,200000b,80000s
{/usr/share/texmf/fonts/enc/dvips/cm-super/cm-super-t1.enc}</usr/share/texliv
e/texmf-dist/fonts/type1/public/amsfonts/cm/cmex10.pfb></usr/share/texlive/texm
f-dist/fonts/type1/public/amsfonts/cm/cmmi10.pfb></usr/share/texlive/texmf-dist
/fonts/type1/public/amsfonts/cm/cmmi5.pfb></usr/share/texlive/texmf-dist/fonts/
type1/public/amsfonts/cm/cmmi7.pfb></usr/share/texlive/texmf-dist/fonts/type1/p
ublic/amsfonts/cm/cmr10.pfb></usr/share/texlive/texmf-dist/fonts/type1/public/a
msfonts/cm/cmr5.pfb></usr/share/texlive/texmf-dist/fonts/type1/public/amsfonts/
cm/cmr7.pfb></usr/share/texlive/texmf-dist/fonts/type1/public/amsfonts/cm/cmsy1
0.pfb></usr/share/texlive/texmf-dist/fonts/type1/public/amsfonts/cm/cmsy7.pfb><
/usr/share/texlive/texmf-dist/fonts/type1/public/amsfonts/symbols/msbm10.pfb></
usr/share/texlive/texmf-dist/fonts/type1/public/amsfonts/symbols/msbm7.pfb></us
r/share/texmf/fonts/type1/public/cm-super/sfbx1000.pfb></usr/share/texmf/fonts/
type1/public/cm-super/sfbx1200.pfb></usr/share/texmf/fonts/type1/public/cm-supe
r/sfbx1440.pfb></usr/share/texmf/fonts/type1/public/cm-super/sfbx1728.pfb></usr
/share/texmf/fonts/type1/public/cm-super/sfcc1000.pfb></usr/share/texmf/fonts/t
ype1/public/cm-super/sfcc1200.pfb></usr/share/texmf/fonts/type1/public/cm-super
/sfrm0700.pfb></usr/share/texmf/fonts/type1/public/cm-super/sfrm0800.pfb></usr/
share/texmf/fonts/type1/public/cm-super/sfrm1000.pfb></usr/share/texmf/fonts/ty
pe1/public/cm-super/sfrm1200.pfb></usr/share/texmf/fonts/type1/public/cm-super/
sfti1000.pfb>
Output written on Template_rapport_travail_BdB_2019_2020.pdf (35 pages, 3355891
 bytes).
PDF statistics:
 252 PDF objects out of 1000 (max. 8388607)
 146 compressed objects within 2 object streams
 0 named destinations out of 1000 (max. 500000)
 201 words of extra memory for PDF output out of 10000 (max. 10000000)

